<?xml version="1.0" encoding="UTF-8"?>
<!-- Generated by org.testng.reporters.JUnitReportReporter -->
<testsuite skipped="0" hostname="LAPTOP-GGQTNJJE" name="Runner.ProductStoreRunner" tests="5" failures="0" timestamp="2023-03-16T16:46:37 IST" time="54.300" errors="0">
  <testcase name="runScenario" time="11.467" classname="Runner.ProductStoreRunner"/>
  <system-out/>
  <testcase name="runScenario" time="9.652" classname="Runner.ProductStoreRunner"/>
  <system-out/>
  <testcase name="runScenario" time="11.805" classname="Runner.ProductStoreRunner"/>
  <system-out/>
  <testcase name="runScenario" time="10.696" classname="Runner.ProductStoreRunner"/>
  <system-out/>
  <testcase name="runScenario" time="10.680" classname="Runner.ProductStoreRunner"/>
  <system-out/>
</testsuite> <!-- Runner.ProductStoreRunner -->
