<?xml version="1.0" encoding="UTF-8"?>
<!-- Generated by org.testng.reporters.JUnitReportReporter -->
<testsuite skipped="0" hostname="LAPTOP-GGQTNJJE" name="Runner.GooglePageRunner" tests="3" failures="0" timestamp="2023-03-15T13:35:37 IST" time="0.084" errors="3">
  <testcase name="runScenario" time="0.011" classname="Runner.GooglePageRunner">
    <error type="java.lang.NullPointerException">
      <![CDATA[java.lang.NullPointerException
at StepDef.LoginPage.list_of_items_should_be_available_in_cart(LoginPage.java:106)
at ✽.List of items should be available in cart(file:///C:/Users/Esakki%20Muthu/eclipse-workspace/pomcucumber/src/test/resources/features/cucumber.feature:16)
]]>
    </error>
  </testcase> <!-- runScenario -->
  <system-out/>
  <testcase name="runScenario" time="0.068" classname="Runner.GooglePageRunner">
    <error type="java.lang.NullPointerException">
      <![CDATA[java.lang.NullPointerException
at StepDef.LoginPage.login_into_app(LoginPage.java:55)
at ✽.login into app(file:///C:/Users/Esakki%20Muthu/eclipse-workspace/pomcucumber/src/test/resources/features/cucumber.feature:5)
]]>
    </error>
  </testcase> <!-- runScenario -->
  <system-out/>
  <testcase name="runScenario" time="0.005" classname="Runner.GooglePageRunner">
    <error type="java.lang.NullPointerException">
      <![CDATA[java.lang.NullPointerException
at StepDef.LoginPage.item_must_be_available_in_cart(LoginPage.java:120)
at ✽.item must be available in cart(file:///C:/Users/Esakki%20Muthu/eclipse-workspace/pomcucumber/src/test/resources/features/cucumber.feature:23)
]]>
    </error>
  </testcase> <!-- runScenario -->
  <system-out/>
</testsuite> <!-- Runner.GooglePageRunner -->
