<?xml version="1.0" encoding="UTF-8"?>
<!-- Generated by org.testng.reporters.JUnitReportReporter -->
<testsuite skipped="0" hostname="LAPTOP-GGQTNJJE" name="Runner.ProductStoreRunner" tests="5" failures="0" timestamp="2023-03-16T19:33:18 IST" time="66.454" errors="0">
  <testcase name="runScenario" time="12.030" classname="Runner.ProductStoreRunner"/>
  <system-out/>
  <testcase name="runScenario" time="12.747" classname="Runner.ProductStoreRunner"/>
  <system-out/>
  <testcase name="runScenario" time="11.419" classname="Runner.ProductStoreRunner"/>
  <system-out/>
  <testcase name="runScenario" time="19.008" classname="Runner.ProductStoreRunner"/>
  <system-out/>
  <testcase name="runScenario" time="11.250" classname="Runner.ProductStoreRunner"/>
  <system-out/>
</testsuite> <!-- Runner.ProductStoreRunner -->
