<?xml version="1.0" encoding="UTF-8"?>
<!-- Generated by org.testng.reporters.JUnitReportReporter -->
<testsuite skipped="0" hostname="LAPTOP-GGQTNJJE" name="Runner.ProductStoreRunner" tests="5" failures="0" timestamp="2023-03-16T17:32:30 IST" time="55.326" errors="0">
  <testcase name="runScenario" time="12.394" classname="Runner.ProductStoreRunner"/>
  <system-out/>
  <testcase name="runScenario" time="11.583" classname="Runner.ProductStoreRunner"/>
  <system-out/>
  <testcase name="runScenario" time="9.760" classname="Runner.ProductStoreRunner"/>
  <system-out/>
  <testcase name="runScenario" time="10.736" classname="Runner.ProductStoreRunner"/>
  <system-out/>
  <testcase name="runScenario" time="10.853" classname="Runner.ProductStoreRunner"/>
  <system-out/>
</testsuite> <!-- Runner.ProductStoreRunner -->
