<?xml version="1.0" encoding="UTF-8"?>
<!-- Generated by org.testng.reporters.JUnitReportReporter -->
<testsuite skipped="0" hostname="LAPTOP-GGQTNJJE" name="Runner.ProductStoreRunner" tests="5" failures="0" timestamp="2023-03-17T08:17:42 IST" time="90.259" errors="0">
  <testcase name="runScenario" time="16.934" classname="Runner.ProductStoreRunner"/>
  <system-out/>
  <testcase name="runScenario" time="11.568" classname="Runner.ProductStoreRunner"/>
  <system-out/>
  <testcase name="runScenario" time="41.405" classname="Runner.ProductStoreRunner"/>
  <system-out/>
  <testcase name="runScenario" time="9.645" classname="Runner.ProductStoreRunner"/>
  <system-out/>
  <testcase name="runScenario" time="10.707" classname="Runner.ProductStoreRunner"/>
  <system-out/>
</testsuite> <!-- Runner.ProductStoreRunner -->
